# JRE version: Java(TM) SE Runtime Environment (8.0_281-b09) (build 1.8.0_281-b09)
# Java VM: Java HotSpot(TM) 64-Bit Server VM (25.281-b09 mixed mode windows-amd64 compressed oops)
Heap:
 PSYoungGen      total 216576K, used 69872K [0x000000076bd80000, 0x000000077d700000, 0x00000007c0000000)
  eden space 196608K, 35% used [0x000000076bd80000,0x00000007701bc3f0,0x0000000777d80000)
  from space 19968K, 0% used [0x0000000777d80000,0x0000000777d80000,0x0000000779100000)
  to   space 19968K, 0% used [0x000000077c380000,0x000000077c380000,0x000000077d700000)
 ParOldGen       total 240640K, used 28657K [0x00000006c3800000, 0x00000006d2300000, 0x000000076bd80000)
  object space 240640K, 11% used [0x00000006c3800000,0x00000006c53fc510,0x00000006d2300000)
 Metaspace       used 60750K, capacity 63346K, committed 63576K, reserved 1103872K
  class space    used 8339K, capacity 8821K, committed 8832K, reserved 1048576K
GC Heap History (10 events):
Event: 6.232 GC heap before
{Heap before GC invocations=8 (full 2):
 PSYoungGen      total 153600K, used 12788K [0x000000076bd80000, 0x0000000778c00000, 0x00000007c0000000)
  eden space 140800K, 0% used [0x000000076bd80000,0x000000076bd80000,0x0000000774700000)
  from space 12800K, 99% used [0x0000000775780000,0x00000007763fd1c0,0x0000000776400000)
  to   space 16896K, 0% used [0x0000000774700000,0x0000000774700000,0x0000000775780000)
 ParOldGen       total 107008K, used 12762K [0x00000006c3800000, 0x00000006ca080000, 0x000000076bd80000)
  object space 107008K, 11% used [0x00000006c3800000,0x00000006c4476b98,0x00000006ca080000)
 Metaspace       used 33698K, capacity 35258K, committed 35416K, reserved 1079296K
  class space    used 4427K, capacity 4729K, committed 4736K, reserved 1048576K
Event: 6.289 GC heap after
Heap after GC invocations=8 (full 2):
 PSYoungGen      total 153600K, used 0K [0x000000076bd80000, 0x0000000778c00000, 0x00000007c0000000)
  eden space 140800K, 0% used [0x000000076bd80000,0x000000076bd80000,0x0000000774700000)
  from space 12800K, 0% used [0x0000000775780000,0x0000000775780000,0x0000000776400000)
  to   space 16896K, 0% used [0x0000000774700000,0x0000000774700000,0x0000000775780000)
 ParOldGen       total 173056K, used 20350K [0x00000006c3800000, 0x00000006ce100000, 0x000000076bd80000)
  object space 173056K, 11% used [0x00000006c3800000,0x00000006c4bdf848,0x00000006ce100000)
 Metaspace       used 33698K, capacity 35258K, committed 35416K, reserved 1079296K
  class space    used 4427K, capacity 4729K, committed 4736K, reserved 1048576K
}
Event: 7.667 GC heap before
{Heap before GC invocations=9 (full 2):
 PSYoungGen      total 153600K, used 140800K [0x000000076bd80000, 0x0000000778c00000, 0x00000007c0000000)
  eden space 140800K, 100% used [0x000000076bd80000,0x0000000774700000,0x0000000774700000)
  from space 12800K, 0% used [0x0000000775780000,0x0000000775780000,0x0000000776400000)
  to   space 16896K, 0% used [0x0000000774700000,0x0000000774700000,0x0000000775780000)
 ParOldGen       total 173056K, used 20350K [0x00000006c3800000, 0x00000006ce100000, 0x000000076bd80000)
  object space 173056K, 11% used [0x00000006c3800000,0x00000006c4bdf848,0x00000006ce100000)
 Metaspace       used 38669K, capacity 40556K, committed 40792K, reserved 1085440K
  class space    used 5069K, capacity 5450K, committed 5504K, reserved 1048576K
Event: 7.677 GC heap after
Heap after GC invocations=9 (full 2):
 PSYoungGen      total 157696K, used 7810K [0x000000076bd80000, 0x000000077a080000, 0x00000007c0000000)
  eden space 140800K, 0% used [0x000000076bd80000,0x000000076bd80000,0x0000000774700000)
  from space 16896K, 46% used [0x0000000774700000,0x0000000774ea0b60,0x0000000775780000)
  to   space 15872K, 0% used [0x0000000779100000,0x0000000779100000,0x000000077a080000)
 ParOldGen       total 173056K, used 20358K [0x00000006c3800000, 0x00000006ce100000, 0x000000076bd80000)
  object space 173056K, 11% used [0x00000006c3800000,0x00000006c4be1848,0x00000006ce100000)
 Metaspace       used 38669K, capacity 40556K, committed 40792K, reserved 1085440K
  class space    used 5069K, capacity 5450K, committed 5504K, reserved 1048576K
}
Event: 9.966 GC heap before
{Heap before GC invocations=10 (full 2):
 PSYoungGen      total 157696K, used 148610K [0x000000076bd80000, 0x000000077a080000, 0x00000007c0000000)
  eden space 140800K, 100% used [0x000000076bd80000,0x0000000774700000,0x0000000774700000)
  from space 16896K, 46% used [0x0000000774700000,0x0000000774ea0b60,0x0000000775780000)
  to   space 15872K, 0% used [0x0000000779100000,0x0000000779100000,0x000000077a080000)
 ParOldGen       total 173056K, used 20358K [0x00000006c3800000, 0x00000006ce100000, 0x000000076bd80000)
  object space 173056K, 11% used [0x00000006c3800000,0x00000006c4be1848,0x00000006ce100000)
 Metaspace       used 52407K, capacity 54442K, committed 54872K, reserved 1097728K
  class space    used 7032K, capacity 7429K, committed 7552K, reserved 1048576K
Event: 9.985 GC heap after
Heap after GC invocations=10 (full 2):
 PSYoungGen      total 212480K, used 15840K [0x000000076bd80000, 0x000000077a600000, 0x00000007c0000000)
  eden space 196608K, 0% used [0x000000076bd80000,0x000000076bd80000,0x0000000777d80000)
  from space 15872K, 99% used [0x0000000779100000,0x000000077a0780b8,0x000000077a080000)
  to   space 19968K, 0% used [0x0000000777d80000,0x0000000777d80000,0x0000000779100000)
 ParOldGen       total 173056K, used 23804K [0x00000006c3800000, 0x00000006ce100000, 0x000000076bd80000)
  object space 173056K, 13% used [0x00000006c3800000,0x00000006c4f3f308,0x00000006ce100000)
 Metaspace       used 52407K, capacity 54442K, committed 54872K, reserved 1097728K
  class space    used 7032K, capacity 7429K, committed 7552K, reserved 1048576K
}
Event: 10.867 GC heap before
{Heap before GC invocations=11 (full 2):
 PSYoungGen      total 212480K, used 70248K [0x000000076bd80000, 0x000000077a600000, 0x00000007c0000000)
  eden space 196608K, 27% used [0x000000076bd80000,0x000000076f2a2278,0x0000000777d80000)
  from space 15872K, 99% used [0x0000000779100000,0x000000077a0780b8,0x000000077a080000)
  to   space 19968K, 0% used [0x0000000777d80000,0x0000000777d80000,0x0000000779100000)
 ParOldGen       total 173056K, used 23804K [0x00000006c3800000, 0x00000006ce100000, 0x000000076bd80000)
  object space 173056K, 13% used [0x00000006c3800000,0x00000006c4f3f308,0x00000006ce100000)
 Metaspace       used 56672K, capacity 58768K, committed 59028K, reserved 1099776K
  class space    used 7756K, capacity 8152K, committed 8192K, reserved 1048576K
Event: 10.882 GC heap after
Heap after GC invocations=11 (full 2):
 PSYoungGen      total 216576K, used 13058K [0x000000076bd80000, 0x000000077d700000, 0x00000007c0000000)
  eden space 196608K, 0% used [0x000000076bd80000,0x000000076bd80000,0x0000000777d80000)
  from space 19968K, 65% used [0x0000000777d80000,0x0000000778a40aa8,0x0000000779100000)
  to   space 19968K, 0% used [0x000000077c380000,0x000000077c380000,0x000000077d700000)
 ParOldGen       total 173056K, used 23812K [0x00000006c3800000, 0x00000006ce100000, 0x000000076bd80000)
  object space 173056K, 13% used [0x00000006c3800000,0x00000006c4f41308,0x00000006ce100000)
 Metaspace       used 56672K, capacity 58768K, committed 59028K, reserved 1099776K
  class space    used 7756K, capacity 8152K, committed 8192K, reserved 1048576K
}
Event: 10.882 GC heap before
{Heap before GC invocations=12 (full 3):
 PSYoungGen      total 216576K, used 13058K [0x000000076bd80000, 0x000000077d700000, 0x00000007c0000000)
  eden space 196608K, 0% used [0x000000076bd80000,0x000000076bd80000,0x0000000777d80000)
  from space 19968K, 65% used [0x0000000777d80000,0x0000000778a40aa8,0x0000000779100000)
  to   space 19968K, 0% used [0x000000077c380000,0x000000077c380000,0x000000077d700000)
 ParOldGen       total 173056K, used 23812K [0x00000006c3800000, 0x00000006ce100000, 0x000000076bd80000)
  object space 173056K, 13% used [0x00000006c3800000,0x00000006c4f41308,0x00000006ce100000)
 Metaspace       used 56672K, capacity 58768K, committed 59028K, reserved 1099776K
  class space    used 7756K, capacity 8152K, committed 8192K, reserved 1048576K
Event: 11.035 GC heap after
Heap after GC invocations=12 (full 3):
 PSYoungGen      total 216576K, used 0K [0x000000076bd80000, 0x000000077d700000, 0x00000007c0000000)
  eden space 196608K, 0% used [0x000000076bd80000,0x000000076bd80000,0x0000000777d80000)
  from space 19968K, 0% used [0x0000000777d80000,0x0000000777d80000,0x0000000779100000)
  to   space 19968K, 0% used [0x000000077c380000,0x000000077c380000,0x000000077d700000)
 ParOldGen       total 240640K, used 28657K [0x00000006c3800000, 0x00000006d2300000, 0x000000076bd80000)
  object space 240640K, 11% used [0x00000006c3800000,0x00000006c53fc510,0x00000006d2300000)
 Metaspace       used 56672K, capacity 58768K, committed 59028K, reserved 1099776K
  class space    used 7756K, capacity 8152K, committed 8192K, reserved 1048576K
}

